<?xml version="1.0" encoding="UTF-8"?>
<!-- Generated by org.testng.reporters.JUnitXMLReporter -->
<testsuite ignored="2" hostname="Chethan" failures="0" tests="2" name="Test" time="31.627" errors="0" timestamp="17 Sep 2021 09:23:02 GMT">
  <testcase classname="com.crm.autodesk.ContactsTest.TC_30_CreateContactNotifyOwnerTest" name="createContactNotifyOwner" time="7.188"/>
  <testcase classname="com.crm.autodesk.ContactsTest.TC_26_CreateContactPortalUserTest" name="createContactPortalUser" time="6.785"/>
  <testcase classname="com.crm.autodesk.GenericUtility.BaseClass" name="@BeforeSuite openConnection" time="0.0">
    <ignored/>
  </testcase> <!-- @BeforeSuite openConnection -->
  <testcase classname="com.crm.autodesk.GenericUtility.BaseClass" name="@AfterSuite closeConnection" time="0.0">
    <ignored/>
  </testcase> <!-- @AfterSuite closeConnection -->
</testsuite> <!-- Test -->
