<?xml version="1.0" encoding="UTF-8"?>
<testng-results ignored="0" total="1" passed="0" failed="1" skipped="0">
  <reporter-output>
  </reporter-output>
  <suite started-at="2021-09-17T11:17:01Z" name="Default suite" finished-at="2021-09-17T11:18:43Z" duration-ms="101306">
    <groups>
      <group name="RegressionSuite">
        <method signature="TC_28_CreateContactDoNotCallTest.createContactDoNotCall()[pri:0, instance:com.crm.autodesk.ContactsTest.TC_28_CreateContactDoNotCallTest@59a008ba]" name="createContactDoNotCall" class="com.crm.autodesk.ContactsTest.TC_28_CreateContactDoNotCallTest"/>
      </group> <!-- RegressionSuite -->
    </groups>
    <test started-at="2021-09-17T11:17:01Z" name="Default test" finished-at="2021-09-17T11:18:43Z" duration-ms="101306">
      <class name="com.crm.autodesk.ContactsTest.TC_28_CreateContactDoNotCallTest">
        <test-method is-config="true" signature="openConnection()[pri:0, instance:com.crm.autodesk.ContactsTest.TC_28_CreateContactDoNotCallTest@59a008ba]" started-at="2021-09-17T11:17:01Z" name="openConnection" finished-at="2021-09-17T11:17:01Z" duration-ms="15" status="PASS">
          <reporter-output>
          </reporter-output>
        </test-method> <!-- openConnection -->
        <test-method is-config="true" signature="launchBrowser()[pri:0, instance:com.crm.autodesk.ContactsTest.TC_28_CreateContactDoNotCallTest@59a008ba]" started-at="2021-09-17T11:17:01Z" name="launchBrowser" finished-at="2021-09-17T11:17:07Z" duration-ms="5908" status="PASS">
          <reporter-output>
          </reporter-output>
        </test-method> <!-- launchBrowser -->
        <test-method is-config="true" signature="loginToApp()[pri:0, instance:com.crm.autodesk.ContactsTest.TC_28_CreateContactDoNotCallTest@59a008ba]" started-at="2021-09-17T11:17:07Z" name="loginToApp" finished-at="2021-09-17T11:17:10Z" duration-ms="2706" status="PASS">
          <reporter-output>
          </reporter-output>
        </test-method> <!-- loginToApp -->
        <test-method signature="createContactDoNotCall()[pri:0, instance:com.crm.autodesk.ContactsTest.TC_28_CreateContactDoNotCallTest@59a008ba]" started-at="2021-09-17T11:17:10Z" name="createContactDoNotCall" finished-at="2021-09-17T11:18:34Z" duration-ms="83818" status="FAIL">
          <exception class="java.lang.Error">
            <message>
              <![CDATA[Unresolved compilation problem: 
The method contactHeade() is undefined for the type ContactsInfoPage
]]>
            </message>
            <full-stacktrace>
              <![CDATA[java.lang.Error: Unresolved compilation problem: 
The method contactHeade() is undefined for the type ContactsInfoPage

at com.crm.autodesk.ContactsTest.TC_28_CreateContactDoNotCallTest.createContactDoNotCall(TC_28_CreateContactDoNotCallTest.java:35)
at java.base/jdk.internal.reflect.NativeMethodAccessorImpl.invoke0(Native Method)
at java.base/jdk.internal.reflect.NativeMethodAccessorImpl.invoke(NativeMethodAccessorImpl.java:64)
at java.base/jdk.internal.reflect.DelegatingMethodAccessorImpl.invoke(DelegatingMethodAccessorImpl.java:43)
at java.base/java.lang.reflect.Method.invoke(Method.java:564)
at org.testng.internal.MethodInvocationHelper.invokeMethod(MethodInvocationHelper.java:124)
at org.testng.internal.Invoker.invokeMethod(Invoker.java:583)
at org.testng.internal.Invoker.invokeTestMethod(Invoker.java:719)
at org.testng.internal.Invoker.invokeTestMethods(Invoker.java:989)
at org.testng.internal.TestMethodWorker.invokeTestMethods(TestMethodWorker.java:125)
at org.testng.internal.TestMethodWorker.run(TestMethodWorker.java:109)
at org.testng.TestRunner.privateRun(TestRunner.java:648)
at org.testng.TestRunner.run(TestRunner.java:505)
at org.testng.SuiteRunner.runTest(SuiteRunner.java:455)
at org.testng.SuiteRunner.runSequentially(SuiteRunner.java:450)
at org.testng.SuiteRunner.privateRun(SuiteRunner.java:415)
at org.testng.SuiteRunner.run(SuiteRunner.java:364)
at org.testng.SuiteRunnerWorker.runSuite(SuiteRunnerWorker.java:52)
at org.testng.SuiteRunnerWorker.run(SuiteRunnerWorker.java:84)
at org.testng.TestNG.runSuitesSequentially(TestNG.java:1208)
at org.testng.TestNG.runSuitesLocally(TestNG.java:1137)
at org.testng.TestNG.runSuites(TestNG.java:1049)
at org.testng.TestNG.run(TestNG.java:1017)
at org.testng.remote.AbstractRemoteTestNG.run(AbstractRemoteTestNG.java:115)
at org.testng.remote.RemoteTestNG.initAndRun(RemoteTestNG.java:251)
at org.testng.remote.RemoteTestNG.main(RemoteTestNG.java:77)
]]>
            </full-stacktrace>
          </exception> <!-- java.lang.Error -->
          <reporter-output>
          </reporter-output>
        </test-method> <!-- createContactDoNotCall -->
        <test-method is-config="true" signature="logoutFromApp()[pri:0, instance:com.crm.autodesk.ContactsTest.TC_28_CreateContactDoNotCallTest@59a008ba]" started-at="2021-09-17T11:18:34Z" name="logoutFromApp" finished-at="2021-09-17T11:18:36Z" duration-ms="1646" status="PASS">
          <reporter-output>
          </reporter-output>
        </test-method> <!-- logoutFromApp -->
        <test-method is-config="true" signature="closeBrowser()[pri:0, instance:com.crm.autodesk.ContactsTest.TC_28_CreateContactDoNotCallTest@59a008ba]" started-at="2021-09-17T11:18:40Z" name="closeBrowser" finished-at="2021-09-17T11:18:41Z" duration-ms="786" status="PASS">
          <reporter-output>
          </reporter-output>
        </test-method> <!-- closeBrowser -->
        <test-method is-config="true" signature="closeConnection()[pri:0, instance:com.crm.autodesk.ContactsTest.TC_28_CreateContactDoNotCallTest@59a008ba]" started-at="2021-09-17T11:18:59Z" name="closeConnection" finished-at="2021-09-17T11:18:59Z" duration-ms="5" status="PASS">
          <reporter-output>
          </reporter-output>
        </test-method> <!-- closeConnection -->
      </class> <!-- com.crm.autodesk.ContactsTest.TC_28_CreateContactDoNotCallTest -->
    </test> <!-- Default test -->
  </suite> <!-- Default suite -->
</testng-results>
